f:\360demo\360\duilib\build\debug_u\duilib.pch
f:\360demo\360\duilib\build\debug_u\vc120.pdb
f:\360demo\360\duilib\build\debug_u\vc120.idb
f:\360demo\360\duilib\build\debug_u\stdafx.obj
f:\360demo\360\duilib\build\debug_u\uitablayout.obj
f:\360demo\360\duilib\build\debug_u\uitilelayout.obj
f:\360demo\360\duilib\build\debug_u\uiverticallayout.obj
f:\360demo\360\duilib\build\debug_u\uiactivex.obj
f:\360demo\360\duilib\build\debug_u\uibutton.obj
f:\360demo\360\duilib\build\debug_u\uicheckbox.obj
f:\360demo\360\duilib\build\debug_u\uicombo.obj
f:\360demo\360\duilib\build\debug_u\uicombobox.obj
f:\360demo\360\duilib\build\debug_u\uidatetime.obj
f:\360demo\360\duilib\build\debug_u\uiedit.obj
f:\360demo\360\duilib\build\debug_u\uilabel.obj
f:\360demo\360\duilib\build\debug_u\uilist.obj
f:\360demo\360\duilib\build\debug_u\uioption.obj
f:\360demo\360\duilib\build\debug_u\uiprogress.obj
f:\360demo\360\duilib\build\debug_u\uirichedit.obj
f:\360demo\360\duilib\build\debug_u\uiscrollbar.obj
f:\360demo\360\duilib\build\debug_u\uislider.obj
f:\360demo\360\duilib\build\debug_u\uitext.obj
f:\360demo\360\duilib\build\debug_u\uitreeview.obj
f:\360demo\360\duilib\build\debug_u\uiwebbrowser.obj
f:\360demo\360\duilib\build\debug_u\uigifanim.obj
f:\360demo\360\duilib\build\debug_u\uilib.obj
f:\360demo\360\duilib\build\debug_u\winimplbase.obj
f:\360demo\360\duilib\build\debug_u\uidelegate.obj
f:\360demo\360\duilib\build\debug_u\utils.obj
f:\360demo\360\duilib\build\debug_u\uibase.obj
f:\360demo\360\duilib\build\debug_u\uicontainer.obj
f:\360demo\360\duilib\build\debug_u\uicontrol.obj
f:\360demo\360\duilib\build\debug_u\uidlgbuilder.obj
f:\360demo\360\duilib\build\debug_u\uimanager.obj
f:\360demo\360\duilib\build\debug_u\uimarkup.obj
f:\360demo\360\duilib\build\debug_u\uirender.obj
f:\360demo\360\duilib\build\debug_u\uichildlayout.obj
f:\360demo\360\duilib\build\debug_u\uihorizontallayout.obj
f:\360demo\360\duilib\build\debug_u\stb_image.obj
f:\360demo\360\duilib\build\debug_u\xunzip.obj
f:\360demo\360\lib\duilib_ud.lib
f:\360demo\360\lib\duilib_ud.exp
f:\360demo\360\bin\duilib_ud.dll
f:\360demo\360\duilib\build\debug_u\duilib.pdb
f:\360demo\360\duilib\build\debug_u\duilib.tlog\cl.command.1.tlog
f:\360demo\360\duilib\build\debug_u\duilib.tlog\cl.read.1.tlog
f:\360demo\360\duilib\build\debug_u\duilib.tlog\cl.write.1.tlog
f:\360demo\360\duilib\build\debug_u\duilib.tlog\duilib.write.1u.tlog
f:\360demo\360\duilib\build\debug_u\duilib.tlog\link.command.1.tlog
f:\360demo\360\duilib\build\debug_u\duilib.tlog\link.read.1.tlog
f:\360demo\360\duilib\build\debug_u\duilib.tlog\link.write.1.tlog
