f:\360demo\360\duilib\build\release\duilib.pch
f:\360demo\360\duilib\build\release\vc120.pdb
f:\360demo\360\duilib\build\release\stdafx.obj
f:\360demo\360\duilib\build\release\uicheckbox.obj
f:\360demo\360\duilib\build\release\uibutton.obj
f:\360demo\360\duilib\build\release\uiactivex.obj
f:\360demo\360\duilib\build\release\uiverticallayout.obj
f:\360demo\360\duilib\build\release\uitilelayout.obj
f:\360demo\360\duilib\build\release\uitablayout.obj
f:\360demo\360\duilib\build\release\uihorizontallayout.obj
f:\360demo\360\duilib\build\release\uichildlayout.obj
f:\360demo\360\duilib\build\release\uirender.obj
f:\360demo\360\duilib\build\release\uimarkup.obj
f:\360demo\360\duilib\build\release\uimanager.obj
f:\360demo\360\duilib\build\release\uidlgbuilder.obj
f:\360demo\360\duilib\build\release\uicontrol.obj
f:\360demo\360\duilib\build\release\uicontainer.obj
f:\360demo\360\duilib\build\release\uibase.obj
f:\360demo\360\duilib\build\release\utils.obj
f:\360demo\360\duilib\build\release\uidelegate.obj
f:\360demo\360\duilib\build\release\winimplbase.obj
f:\360demo\360\duilib\build\release\uilib.obj
f:\360demo\360\duilib\build\release\uigifanim.obj
f:\360demo\360\duilib\build\release\uiwebbrowser.obj
f:\360demo\360\duilib\build\release\uitreeview.obj
f:\360demo\360\duilib\build\release\uitext.obj
f:\360demo\360\duilib\build\release\uislider.obj
f:\360demo\360\duilib\build\release\uiscrollbar.obj
f:\360demo\360\duilib\build\release\uirichedit.obj
f:\360demo\360\duilib\build\release\uiprogress.obj
f:\360demo\360\duilib\build\release\uioption.obj
f:\360demo\360\duilib\build\release\uilist.obj
f:\360demo\360\duilib\build\release\uilabel.obj
f:\360demo\360\duilib\build\release\uiedit.obj
f:\360demo\360\duilib\build\release\uidatetime.obj
f:\360demo\360\duilib\build\release\uicombobox.obj
f:\360demo\360\duilib\build\release\uicombo.obj
f:\360demo\360\duilib\build\release\stb_image.obj
f:\360demo\360\duilib\build\release\xunzip.obj
f:\360demo\360\lib\duilib.lib
f:\360demo\360\lib\duilib.exp
f:\360demo\360\bin\duilib.dll
f:\360demo\360\duilib\build\release\duilib.tlog\cl.command.1.tlog
f:\360demo\360\duilib\build\release\duilib.tlog\cl.read.1.tlog
f:\360demo\360\duilib\build\release\duilib.tlog\cl.write.1.tlog
f:\360demo\360\duilib\build\release\duilib.tlog\duilib.write.1u.tlog
f:\360demo\360\duilib\build\release\duilib.tlog\link.command.1.tlog
f:\360demo\360\duilib\build\release\duilib.tlog\link.read.1.tlog
f:\360demo\360\duilib\build\release\duilib.tlog\link.write.1.tlog
