f:\360demo\360\duilib\build\release_u\duilib.pch
f:\360demo\360\duilib\build\release_u\vc120.pdb
f:\360demo\360\duilib\build\release_u\stdafx.obj
f:\360demo\360\duilib\build\release_u\uicheckbox.obj
f:\360demo\360\duilib\build\release_u\uibutton.obj
f:\360demo\360\duilib\build\release_u\uiactivex.obj
f:\360demo\360\duilib\build\release_u\uiverticallayout.obj
f:\360demo\360\duilib\build\release_u\uitilelayout.obj
f:\360demo\360\duilib\build\release_u\uitablayout.obj
f:\360demo\360\duilib\build\release_u\uihorizontallayout.obj
f:\360demo\360\duilib\build\release_u\uichildlayout.obj
f:\360demo\360\duilib\build\release_u\uirender.obj
f:\360demo\360\duilib\build\release_u\uimarkup.obj
f:\360demo\360\duilib\build\release_u\uimanager.obj
f:\360demo\360\duilib\build\release_u\uidlgbuilder.obj
f:\360demo\360\duilib\build\release_u\uicontrol.obj
f:\360demo\360\duilib\build\release_u\uicontainer.obj
f:\360demo\360\duilib\build\release_u\uibase.obj
f:\360demo\360\duilib\build\release_u\utils.obj
f:\360demo\360\duilib\build\release_u\uidelegate.obj
f:\360demo\360\duilib\build\release_u\winimplbase.obj
f:\360demo\360\duilib\build\release_u\uilib.obj
f:\360demo\360\duilib\build\release_u\uigifanim.obj
f:\360demo\360\duilib\build\release_u\uiwebbrowser.obj
f:\360demo\360\duilib\build\release_u\uitreeview.obj
f:\360demo\360\duilib\build\release_u\uitext.obj
f:\360demo\360\duilib\build\release_u\uislider.obj
f:\360demo\360\duilib\build\release_u\uiscrollbar.obj
f:\360demo\360\duilib\build\release_u\uirichedit.obj
f:\360demo\360\duilib\build\release_u\uiprogress.obj
f:\360demo\360\duilib\build\release_u\uioption.obj
f:\360demo\360\duilib\build\release_u\uilist.obj
f:\360demo\360\duilib\build\release_u\uilabel.obj
f:\360demo\360\duilib\build\release_u\uiedit.obj
f:\360demo\360\duilib\build\release_u\uidatetime.obj
f:\360demo\360\duilib\build\release_u\uicombobox.obj
f:\360demo\360\duilib\build\release_u\uicombo.obj
f:\360demo\360\duilib\build\release_u\stb_image.obj
f:\360demo\360\duilib\build\release_u\xunzip.obj
f:\360demo\360\lib\duilib_u.lib
f:\360demo\360\lib\duilib_u.exp
f:\360demo\360\bin\duilib_u.dll
f:\360demo\360\duilib\build\release_u\duilib.tlog\cl.command.1.tlog
f:\360demo\360\duilib\build\release_u\duilib.tlog\cl.read.1.tlog
f:\360demo\360\duilib\build\release_u\duilib.tlog\cl.write.1.tlog
f:\360demo\360\duilib\build\release_u\duilib.tlog\duilib.write.1u.tlog
f:\360demo\360\duilib\build\release_u\duilib.tlog\link.command.1.tlog
f:\360demo\360\duilib\build\release_u\duilib.tlog\link.read.1.tlog
f:\360demo\360\duilib\build\release_u\duilib.tlog\link.write.1.tlog
