f:\360demo\360\duilib\build\debug\duilib.pch
f:\360demo\360\duilib\build\debug\vc120.pdb
f:\360demo\360\duilib\build\debug\vc120.idb
f:\360demo\360\duilib\build\debug\stdafx.obj
f:\360demo\360\duilib\build\debug\uitablayout.obj
f:\360demo\360\duilib\build\debug\uitilelayout.obj
f:\360demo\360\duilib\build\debug\uiverticallayout.obj
f:\360demo\360\duilib\build\debug\uiactivex.obj
f:\360demo\360\duilib\build\debug\uibutton.obj
f:\360demo\360\duilib\build\debug\uicheckbox.obj
f:\360demo\360\duilib\build\debug\uicombo.obj
f:\360demo\360\duilib\build\debug\uicombobox.obj
f:\360demo\360\duilib\build\debug\uidatetime.obj
f:\360demo\360\duilib\build\debug\uiedit.obj
f:\360demo\360\duilib\build\debug\uilabel.obj
f:\360demo\360\duilib\build\debug\uilist.obj
f:\360demo\360\duilib\build\debug\uioption.obj
f:\360demo\360\duilib\build\debug\uiprogress.obj
f:\360demo\360\duilib\build\debug\uirichedit.obj
f:\360demo\360\duilib\build\debug\uiscrollbar.obj
f:\360demo\360\duilib\build\debug\uislider.obj
f:\360demo\360\duilib\build\debug\uitext.obj
f:\360demo\360\duilib\build\debug\uitreeview.obj
f:\360demo\360\duilib\build\debug\uiwebbrowser.obj
f:\360demo\360\duilib\build\debug\uigifanim.obj
f:\360demo\360\duilib\build\debug\uilib.obj
f:\360demo\360\duilib\build\debug\winimplbase.obj
f:\360demo\360\duilib\build\debug\uidelegate.obj
f:\360demo\360\duilib\build\debug\utils.obj
f:\360demo\360\duilib\build\debug\uibase.obj
f:\360demo\360\duilib\build\debug\uicontainer.obj
f:\360demo\360\duilib\build\debug\uicontrol.obj
f:\360demo\360\duilib\build\debug\uidlgbuilder.obj
f:\360demo\360\duilib\build\debug\uimanager.obj
f:\360demo\360\duilib\build\debug\uimarkup.obj
f:\360demo\360\duilib\build\debug\uirender.obj
f:\360demo\360\duilib\build\debug\uichildlayout.obj
f:\360demo\360\duilib\build\debug\uihorizontallayout.obj
f:\360demo\360\duilib\build\debug\stb_image.obj
f:\360demo\360\duilib\build\debug\xunzip.obj
f:\360demo\360\lib\duilib_d.lib
f:\360demo\360\lib\duilib_d.exp
f:\360demo\360\bin\duilib_d.dll
f:\360demo\360\duilib\build\debug\duilib.pdb
f:\360demo\360\duilib\build\debug\duilib.tlog\cl.command.1.tlog
f:\360demo\360\duilib\build\debug\duilib.tlog\cl.read.1.tlog
f:\360demo\360\duilib\build\debug\duilib.tlog\cl.write.1.tlog
f:\360demo\360\duilib\build\debug\duilib.tlog\duilib.write.1u.tlog
f:\360demo\360\duilib\build\debug\duilib.tlog\link.command.1.tlog
f:\360demo\360\duilib\build\debug\duilib.tlog\link.read.1.tlog
f:\360demo\360\duilib\build\debug\duilib.tlog\link.write.1.tlog
